<?xml version="1.0" encoding="UTF-8"?>
<!-- Generated by org.testng.reporters.JUnitReportReporter -->
<testsuite hostname="MFCLT9J28003" failures="0" tests="1" name="beforframwork.PS1" time="0.016" errors="0" timestamp="2023-06-26T16:30:34 IST" skipped="0">
  <testcase classname="beforframwork.PS1" name="testtrun" time="0.016"/>
  <system-out/>
</testsuite> <!-- beforframwork.PS1 -->
